<?xml version="1.0" encoding="UTF-8" standalone="yes"?><!DOCTYPE report PUBLIC "-//JACOCO//DTD Report 1.1//EN" "report.dtd"><report name="ulidj"><sessioninfo id="pkrvmf6wy0o8zjz-f8d4ece0" start="1748095410338" dump="1748095411862"/><package name="io/azam/ulidj"><class name="io/azam/ulidj/ULID" sourcefilename="ULID.java"><method name="&lt;init&gt;" desc="()V" line="246"><counter type="INSTRUCTION" missed="7" covered="0"/><counter type="LINE" missed="2" covered="0"/><counter type="COMPLEXITY" missed="1" covered="0"/><counter type="METHOD" missed="1" covered="0"/></method><method name="&lt;init&gt;" desc="([B)V" line="257"><counter type="INSTRUCTION" missed="0" covered="8"/><counter type="LINE" missed="0" covered="3"/><counter type="COMPLEXITY" missed="0" covered="1"/><counter type="METHOD" missed="0" covered="1"/></method><method name="getTimestamp" desc="()J" line="268"><counter type="INSTRUCTION" missed="0" covered="4"/><counter type="LINE" missed="0" covered="1"/><counter type="COMPLEXITY" missed="0" covered="1"/><counter type="METHOD" missed="0" covered="1"/></method><method name="getEntropy" desc="()[B" line="278"><counter type="INSTRUCTION" missed="0" covered="4"/><counter type="LINE" missed="0" covered="1"/><counter type="COMPLEXITY" missed="0" covered="1"/><counter type="METHOD" missed="0" covered="1"/></method><method name="toBinary" desc="()[B" line="288"><counter type="INSTRUCTION" missed="0" covered="5"/><counter type="LINE" missed="0" covered="1"/><counter type="COMPLEXITY" missed="0" covered="1"/><counter type="METHOD" missed="0" covered="1"/></method><method name="toString" desc="()Ljava/lang/String;" line="299"><counter type="INSTRUCTION" missed="0" covered="4"/><counter type="LINE" missed="0" covered="1"/><counter type="COMPLEXITY" missed="0" covered="1"/><counter type="METHOD" missed="0" covered="1"/></method><method name="compareTo" desc="(Lio/azam/ulidj/ULID;)I" line="325"><counter type="INSTRUCTION" missed="0" covered="4"/><counter type="LINE" missed="0" covered="1"/><counter type="COMPLEXITY" missed="0" covered="1"/><counter type="METHOD" missed="0" covered="1"/></method><method name="equals" desc="(Ljava/lang/Object;)Z" line="338"><counter type="INSTRUCTION" missed="0" covered="16"/><counter type="BRANCH" missed="0" covered="4"/><counter type="LINE" missed="0" covered="3"/><counter type="COMPLEXITY" missed="0" covered="3"/><counter type="METHOD" missed="0" covered="1"/></method><method name="hashCode" desc="()I" line="351"><counter type="INSTRUCTION" missed="0" covered="6"/><counter type="LINE" missed="0" covered="1"/><counter type="COMPLEXITY" missed="0" covered="1"/><counter type="METHOD" missed="0" covered="1"/></method><method name="compare" desc="(Lio/azam/ulidj/ULID;Lio/azam/ulidj/ULID;)I" line="375"><counter type="INSTRUCTION" missed="0" covered="60"/><counter type="BRANCH" missed="0" covered="12"/><counter type="LINE" missed="0" covered="12"/><counter type="COMPLEXITY" missed="0" covered="7"/><counter type="METHOD" missed="0" covered="1"/></method><method name="random" desc="()Ljava/lang/String;" line="400"><counter type="INSTRUCTION" missed="0" covered="10"/><counter type="LINE" missed="0" covered="3"/><counter type="COMPLEXITY" missed="0" covered="1"/><counter type="METHOD" missed="0" covered="1"/></method><method name="randomBinary" desc="()[B" line="414"><counter type="INSTRUCTION" missed="0" covered="10"/><counter type="LINE" missed="0" covered="3"/><counter type="COMPLEXITY" missed="0" covered="1"/><counter type="METHOD" missed="0" covered="1"/></method><method name="randomULID" desc="()Lio/azam/ulidj/ULID;" line="428"><counter type="INSTRUCTION" missed="0" covered="5"/><counter type="LINE" missed="0" covered="1"/><counter type="COMPLEXITY" missed="0" covered="1"/><counter type="METHOD" missed="0" covered="1"/></method><method name="random" desc="(Ljava/util/Random;)Ljava/lang/String;" line="440"><counter type="INSTRUCTION" missed="0" covered="10"/><counter type="LINE" missed="0" covered="3"/><counter type="COMPLEXITY" missed="0" covered="1"/><counter type="METHOD" missed="0" covered="1"/></method><method name="randomBinary" desc="(Ljava/util/Random;)[B" line="454"><counter type="INSTRUCTION" missed="0" covered="10"/><counter type="LINE" missed="0" covered="3"/><counter type="COMPLEXITY" missed="0" covered="1"/><counter type="METHOD" missed="0" covered="1"/></method><method name="randomULID" desc="(Ljava/util/Random;)Lio/azam/ulidj/ULID;" line="468"><counter type="INSTRUCTION" missed="0" covered="6"/><counter type="LINE" missed="0" covered="1"/><counter type="COMPLEXITY" missed="0" covered="1"/><counter type="METHOD" missed="0" covered="1"/></method><method name="generate" desc="(J[B)Ljava/lang/String;" line="484"><counter type="INSTRUCTION" missed="0" covered="421"/><counter type="BRANCH" missed="0" covered="8"/><counter type="LINE" missed="0" covered="30"/><counter type="COMPLEXITY" missed="0" covered="5"/><counter type="METHOD" missed="0" covered="1"/></method><method name="generateBinary" desc="(J[B)[B" line="536"><counter type="INSTRUCTION" missed="0" covered="50"/><counter type="BRANCH" missed="0" covered="10"/><counter type="LINE" missed="0" covered="9"/><counter type="COMPLEXITY" missed="0" covered="6"/><counter type="METHOD" missed="0" covered="1"/></method><method name="generateULID" desc="(J[B)Lio/azam/ulidj/ULID;" line="568"><counter type="INSTRUCTION" missed="0" covered="7"/><counter type="LINE" missed="0" covered="1"/><counter type="COMPLEXITY" missed="0" covered="1"/><counter type="METHOD" missed="0" covered="1"/></method><method name="isValid" desc="(Ljava/lang/CharSequence;)Z" line="580"><counter type="INSTRUCTION" missed="0" covered="52"/><counter type="BRANCH" missed="0" covered="16"/><counter type="LINE" missed="0" covered="10"/><counter type="COMPLEXITY" missed="0" covered="9"/><counter type="METHOD" missed="0" covered="1"/></method><method name="isValidBinary" desc="([B)Z" line="605"><counter type="INSTRUCTION" missed="0" covered="10"/><counter type="BRANCH" missed="0" covered="4"/><counter type="LINE" missed="0" covered="1"/><counter type="COMPLEXITY" missed="0" covered="3"/><counter type="METHOD" missed="0" covered="1"/></method><method name="getTimestamp" desc="(Ljava/lang/CharSequence;)J" line="617"><counter type="INSTRUCTION" missed="0" covered="96"/><counter type="BRANCH" missed="0" covered="2"/><counter type="LINE" missed="0" covered="12"/><counter type="COMPLEXITY" missed="0" covered="2"/><counter type="METHOD" missed="0" covered="1"/></method><method name="getTimestampBinary" desc="([B)J" line="640"><counter type="INSTRUCTION" missed="0" covered="72"/><counter type="BRANCH" missed="0" covered="2"/><counter type="LINE" missed="0" covered="9"/><counter type="COMPLEXITY" missed="0" covered="2"/><counter type="METHOD" missed="0" covered="1"/></method><method name="getEntropy" desc="(Ljava/lang/CharSequence;)[B" line="660"><counter type="INSTRUCTION" missed="0" covered="247"/><counter type="BRANCH" missed="0" covered="2"/><counter type="LINE" missed="0" covered="28"/><counter type="COMPLEXITY" missed="0" covered="2"/><counter type="METHOD" missed="0" covered="1"/></method><method name="getEntropyBinary" desc="([B)[B" line="699"><counter type="INSTRUCTION" missed="0" covered="19"/><counter type="BRANCH" missed="0" covered="2"/><counter type="LINE" missed="0" covered="5"/><counter type="COMPLEXITY" missed="0" covered="2"/><counter type="METHOD" missed="0" covered="1"/></method><method name="toBinary" desc="(Ljava/lang/CharSequence;)[B" line="715"><counter type="INSTRUCTION" missed="0" covered="381"/><counter type="BRANCH" missed="0" covered="2"/><counter type="LINE" missed="0" covered="42"/><counter type="COMPLEXITY" missed="0" covered="2"/><counter type="METHOD" missed="0" covered="1"/></method><method name="fromBinary" desc="([B)Ljava/lang/String;" line="770"><counter type="INSTRUCTION" missed="0" covered="456"/><counter type="BRANCH" missed="0" covered="2"/><counter type="LINE" missed="0" covered="30"/><counter type="COMPLEXITY" missed="0" covered="2"/><counter type="METHOD" missed="0" covered="1"/></method><method name="parseULID" desc="(Ljava/lang/CharSequence;)Lio/azam/ulidj/ULID;" line="816"><counter type="INSTRUCTION" missed="0" covered="6"/><counter type="LINE" missed="0" covered="1"/><counter type="COMPLEXITY" missed="0" covered="1"/><counter type="METHOD" missed="0" covered="1"/></method><method name="parseULID" desc="([B)Lio/azam/ulidj/ULID;" line="828"><counter type="INSTRUCTION" missed="0" covered="13"/><counter type="BRANCH" missed="0" covered="2"/><counter type="LINE" missed="0" covered="3"/><counter type="COMPLEXITY" missed="0" covered="2"/><counter type="METHOD" missed="0" covered="1"/></method><method name="&lt;clinit&gt;" desc="()V" line="147"><counter type="INSTRUCTION" missed="0" covered="1159"/><counter type="LINE" missed="0" covered="2"/><counter type="COMPLEXITY" missed="0" covered="1"/><counter type="METHOD" missed="0" covered="1"/></method><counter type="INSTRUCTION" missed="7" covered="3151"/><counter type="BRANCH" missed="0" covered="68"/><counter type="LINE" missed="2" covered="221"/><counter type="COMPLEXITY" missed="1" covered="63"/><counter type="METHOD" missed="1" covered="29"/><counter type="CLASS" missed="0" covered="1"/></class><class name="io/azam/ulidj/ULID$LazyDefaults" sourcefilename="ULID.java"><method name="&lt;clinit&gt;" desc="()V" line="236"><counter type="INSTRUCTION" missed="0" covered="5"/><counter type="LINE" missed="0" covered="1"/><counter type="COMPLEXITY" missed="0" covered="1"/><counter type="METHOD" missed="0" covered="1"/></method><counter type="INSTRUCTION" missed="0" covered="5"/><counter type="LINE" missed="0" covered="1"/><counter type="COMPLEXITY" missed="0" covered="1"/><counter type="METHOD" missed="0" covered="1"/><counter type="CLASS" missed="0" covered="1"/></class><class name="io/azam/ulidj/MonotonicULID" sourcefilename="MonotonicULID.java"><method name="&lt;init&gt;" desc="()V" line="83"><counter type="INSTRUCTION" missed="0" covered="4"/><counter type="LINE" missed="0" covered="2"/><counter type="COMPLEXITY" missed="0" covered="1"/><counter type="METHOD" missed="0" covered="1"/></method><method name="&lt;init&gt;" desc="(Ljava/util/Random;)V" line="92"><counter type="INSTRUCTION" missed="0" covered="17"/><counter type="BRANCH" missed="0" covered="2"/><counter type="LINE" missed="0" covered="5"/><counter type="COMPLEXITY" missed="0" covered="2"/><counter type="METHOD" missed="0" covered="1"/></method><method name="generate" desc="()Ljava/lang/String;" line="110"><counter type="INSTRUCTION" missed="0" covered="8"/><counter type="LINE" missed="0" covered="2"/><counter type="COMPLEXITY" missed="0" covered="1"/><counter type="METHOD" missed="0" covered="1"/></method><method name="generateBinary" desc="()[B" line="126"><counter type="INSTRUCTION" missed="0" covered="8"/><counter type="LINE" missed="0" covered="2"/><counter type="COMPLEXITY" missed="0" covered="1"/><counter type="METHOD" missed="0" covered="1"/></method><method name="generateULID" desc="()Lio/azam/ulidj/ULID;" line="142"><counter type="INSTRUCTION" missed="0" covered="8"/><counter type="LINE" missed="0" covered="2"/><counter type="COMPLEXITY" missed="0" covered="1"/><counter type="METHOD" missed="0" covered="1"/></method><method name="mutate" desc="()V" line="155"><counter type="INSTRUCTION" missed="0" covered="89"/><counter type="BRANCH" missed="0" covered="14"/><counter type="LINE" missed="0" covered="20"/><counter type="COMPLEXITY" missed="0" covered="8"/><counter type="METHOD" missed="0" covered="1"/></method><counter type="INSTRUCTION" missed="0" covered="134"/><counter type="BRANCH" missed="0" covered="16"/><counter type="LINE" missed="0" covered="33"/><counter type="COMPLEXITY" missed="0" covered="14"/><counter type="METHOD" missed="0" covered="6"/><counter type="CLASS" missed="0" covered="1"/></class><class name="io/azam/ulidj/MonotonicULID$LazyDefaults" sourcefilename="MonotonicULID.java"><method name="&lt;clinit&gt;" desc="()V" line="73"><counter type="INSTRUCTION" missed="0" covered="5"/><counter type="LINE" missed="0" covered="1"/><counter type="COMPLEXITY" missed="0" covered="1"/><counter type="METHOD" missed="0" covered="1"/></method><counter type="INSTRUCTION" missed="0" covered="5"/><counter type="LINE" missed="0" covered="1"/><counter type="COMPLEXITY" missed="0" covered="1"/><counter type="METHOD" missed="0" covered="1"/><counter type="CLASS" missed="0" covered="1"/></class><sourcefile name="ULID.java"><line nr="147" mi="0" ci="131" mb="0" cb="0"/><line nr="157" mi="0" ci="1028" mb="0" cb="0"/><line nr="236" mi="0" ci="5" mb="0" cb="0"/><line nr="246" mi="2" ci="0" mb="0" cb="0"/><line nr="247" mi="5" ci="0" mb="0" cb="0"/><line nr="257" mi="0" ci="2" mb="0" cb="0"/><line nr="258" mi="0" ci="5" mb="0" cb="0"/><line nr="259" mi="0" ci="1" mb="0" cb="0"/><line nr="268" mi="0" ci="4" mb="0" cb="0"/><line nr="278" mi="0" ci="4" mb="0" cb="0"/><line nr="288" mi="0" ci="5" mb="0" cb="0"/><line nr="299" mi="0" ci="4" mb="0" cb="0"/><line nr="325" mi="0" ci="4" mb="0" cb="0"/><line nr="338" mi="0" ci="7" mb="0" cb="4"/><line nr="339" mi="0" ci="2" mb="0" cb="0"/><line nr="340" mi="0" ci="7" mb="0" cb="0"/><line nr="351" mi="0" ci="6" mb="0" cb="0"/><line nr="375" mi="0" ci="3" mb="0" cb="2"/><line nr="376" mi="0" ci="2" mb="0" cb="0"/><line nr="377" mi="0" ci="4" mb="0" cb="4"/><line nr="378" mi="0" ci="6" mb="0" cb="2"/><line nr="380" mi="0" ci="8" mb="0" cb="0"/><line nr="381" mi="0" ci="7" mb="0" cb="2"/><line nr="382" mi="0" ci="7" mb="0" cb="0"/><line nr="383" mi="0" ci="7" mb="0" cb="0"/><line nr="384" mi="0" ci="4" mb="0" cb="0"/><line nr="385" mi="0" ci="2" mb="0" cb="2"/><line nr="386" mi="0" ci="2" mb="0" cb="0"/><line nr="388" mi="0" ci="8" mb="0" cb="0"/><line nr="400" mi="0" ci="3" mb="0" cb="0"/><line nr="401" mi="0" ci="3" mb="0" cb="0"/><line nr="402" mi="0" ci="4" mb="0" cb="0"/><line nr="414" mi="0" ci="3" mb="0" cb="0"/><line nr="415" mi="0" ci="3" mb="0" cb="0"/><line nr="416" mi="0" ci="4" mb="0" cb="0"/><line nr="428" mi="0" ci="5" mb="0" cb="0"/><line nr="440" mi="0" ci="3" mb="0" cb="0"/><line nr="441" mi="0" ci="3" mb="0" cb="0"/><line nr="442" mi="0" ci="4" mb="0" cb="0"/><line nr="454" mi="0" ci="3" mb="0" cb="0"/><line nr="455" mi="0" ci="3" mb="0" cb="0"/><line nr="456" mi="0" ci="4" mb="0" cb="0"/><line nr="468" mi="0" ci="6" mb="0" cb="0"/><line nr="484" mi="0" ci="14" mb="0" cb="8"/><line nr="485" mi="0" ci="5" mb="0" cb="0"/><line nr="488" mi="0" ci="3" mb="0" cb="0"/><line nr="491" mi="0" ci="12" mb="0" cb="0"/><line nr="492" mi="0" ci="12" mb="0" cb="0"/><line nr="493" mi="0" ci="12" mb="0" cb="0"/><line nr="494" mi="0" ci="12" mb="0" cb="0"/><line nr="495" mi="0" ci="12" mb="0" cb="0"/><line nr="496" mi="0" ci="12" mb="0" cb="0"/><line nr="497" mi="0" ci="12" mb="0" cb="0"/><line nr="498" mi="0" ci="12" mb="0" cb="0"/><line nr="499" mi="0" ci="12" mb="0" cb="0"/><line nr="500" mi="0" ci="10" mb="0" cb="0"/><line nr="503" mi="0" ci="13" mb="0" cb="0"/><line nr="504" mi="0" ci="21" mb="0" cb="0"/><line nr="505" mi="0" ci="15" mb="0" cb="0"/><line nr="506" mi="0" ci="21" mb="0" cb="0"/><line nr="507" mi="0" ci="21" mb="0" cb="0"/><line nr="508" mi="0" ci="15" mb="0" cb="0"/><line nr="509" mi="0" ci="21" mb="0" cb="0"/><line nr="510" mi="0" ci="11" mb="0" cb="0"/><line nr="511" mi="0" ci="13" mb="0" cb="0"/><line nr="512" mi="0" ci="21" mb="0" cb="0"/><line nr="513" mi="0" ci="15" mb="0" cb="0"/><line nr="514" mi="0" ci="21" mb="0" cb="0"/><line nr="515" mi="0" ci="21" mb="0" cb="0"/><line nr="516" mi="0" ci="15" mb="0" cb="0"/><line nr="517" mi="0" ci="21" mb="0" cb="0"/><line nr="518" mi="0" ci="11" mb="0" cb="0"/><line nr="520" mi="0" ci="5" mb="0" cb="0"/><line nr="536" mi="0" ci="14" mb="0" cb="8"/><line nr="537" mi="0" ci="5" mb="0" cb="0"/><line nr="540" mi="0" ci="3" mb="0" cb="0"/><line nr="543" mi="0" ci="2" mb="0" cb="0"/><line nr="544" mi="0" ci="6" mb="0" cb="2"/><line nr="545" mi="0" ci="8" mb="0" cb="0"/><line nr="546" mi="0" ci="4" mb="0" cb="0"/><line nr="550" mi="0" ci="6" mb="0" cb="0"/><line nr="552" mi="0" ci="2" mb="0" cb="0"/><line nr="568" mi="0" ci="7" mb="0" cb="0"/><line nr="580" mi="0" ci="6" mb="0" cb="4"/><line nr="581" mi="0" ci="2" mb="0" cb="0"/><line nr="584" mi="0" ci="4" mb="0" cb="0"/><line nr="585" mi="0" ci="14" mb="0" cb="6"/><line nr="586" mi="0" ci="2" mb="0" cb="0"/><line nr="587" mi="0" ci="7" mb="0" cb="2"/><line nr="589" mi="0" ci="4" mb="0" cb="0"/><line nr="590" mi="0" ci="9" mb="0" cb="4"/><line nr="591" mi="0" ci="2" mb="0" cb="0"/><line nr="594" mi="0" ci="2" mb="0" cb="0"/><line nr="605" mi="0" ci="10" mb="0" cb="4"/><line nr="617" mi="0" ci="3" mb="0" cb="2"/><line nr="618" mi="0" ci="5" mb="0" cb="0"/><line nr="619" mi="0" ci="12" mb="0" cb="0"/><line nr="620" mi="0" ci="9" mb="0" cb="0"/><line nr="621" mi="0" ci="9" mb="0" cb="0"/><line nr="622" mi="0" ci="9" mb="0" cb="0"/><line nr="623" mi="0" ci="9" mb="0" cb="0"/><line nr="624" mi="0" ci="9" mb="0" cb="0"/><line nr="625" mi="0" ci="9" mb="0" cb="0"/><line nr="626" mi="0" ci="9" mb="0" cb="0"/><line nr="627" mi="0" ci="9" mb="0" cb="0"/><line nr="628" mi="0" ci="4" mb="0" cb="0"/><line nr="640" mi="0" ci="3" mb="0" cb="2"/><line nr="641" mi="0" ci="5" mb="0" cb="0"/><line nr="642" mi="0" ci="7" mb="0" cb="0"/><line nr="643" mi="0" ci="11" mb="0" cb="0"/><line nr="644" mi="0" ci="11" mb="0" cb="0"/><line nr="645" mi="0" ci="11" mb="0" cb="0"/><line nr="646" mi="0" ci="11" mb="0" cb="0"/><line nr="647" mi="0" ci="11" mb="0" cb="0"/><line nr="648" mi="0" ci="2" mb="0" cb="0"/><line nr="660" mi="0" ci="3" mb="0" cb="2"/><line nr="661" mi="0" ci="5" mb="0" cb="0"/><line nr="662" mi="0" ci="3" mb="0" cb="0"/><line nr="663" mi="0" ci="12" mb="0" cb="0"/><line nr="664" mi="0" ci="9" mb="0" cb="0"/><line nr="665" mi="0" ci="12" mb="0" cb="0"/><line nr="666" mi="0" ci="8" mb="0" cb="0"/><line nr="667" mi="0" ci="9" mb="0" cb="0"/><line nr="668" mi="0" ci="12" mb="0" cb="0"/><line nr="669" mi="0" ci="9" mb="0" cb="0"/><line nr="670" mi="0" ci="12" mb="0" cb="0"/><line nr="671" mi="0" ci="8" mb="0" cb="0"/><line nr="672" mi="0" ci="9" mb="0" cb="0"/><line nr="673" mi="0" ci="12" mb="0" cb="0"/><line nr="674" mi="0" ci="5" mb="0" cb="0"/><line nr="675" mi="0" ci="12" mb="0" cb="0"/><line nr="676" mi="0" ci="9" mb="0" cb="0"/><line nr="677" mi="0" ci="12" mb="0" cb="0"/><line nr="678" mi="0" ci="8" mb="0" cb="0"/><line nr="679" mi="0" ci="9" mb="0" cb="0"/><line nr="680" mi="0" ci="12" mb="0" cb="0"/><line nr="681" mi="0" ci="9" mb="0" cb="0"/><line nr="682" mi="0" ci="12" mb="0" cb="0"/><line nr="683" mi="0" ci="8" mb="0" cb="0"/><line nr="684" mi="0" ci="9" mb="0" cb="0"/><line nr="685" mi="0" ci="12" mb="0" cb="0"/><line nr="686" mi="0" ci="5" mb="0" cb="0"/><line nr="687" mi="0" ci="2" mb="0" cb="0"/><line nr="699" mi="0" ci="3" mb="0" cb="2"/><line nr="700" mi="0" ci="5" mb="0" cb="0"/><line nr="701" mi="0" ci="3" mb="0" cb="0"/><line nr="702" mi="0" ci="6" mb="0" cb="0"/><line nr="703" mi="0" ci="2" mb="0" cb="0"/><line nr="715" mi="0" ci="3" mb="0" cb="2"/><line nr="716" mi="0" ci="5" mb="0" cb="0"/><line nr="717" mi="0" ci="3" mb="0" cb="0"/><line nr="719" mi="0" ci="12" mb="0" cb="0"/><line nr="720" mi="0" ci="5" mb="0" cb="0"/><line nr="721" mi="0" ci="12" mb="0" cb="0"/><line nr="722" mi="0" ci="9" mb="0" cb="0"/><line nr="723" mi="0" ci="12" mb="0" cb="0"/><line nr="724" mi="0" ci="8" mb="0" cb="0"/><line nr="725" mi="0" ci="9" mb="0" cb="0"/><line nr="726" mi="0" ci="12" mb="0" cb="0"/><line nr="727" mi="0" ci="9" mb="0" cb="0"/><line nr="728" mi="0" ci="12" mb="0" cb="0"/><line nr="729" mi="0" ci="8" mb="0" cb="0"/><line nr="730" mi="0" ci="9" mb="0" cb="0"/><line nr="731" mi="0" ci="12" mb="0" cb="0"/><line nr="732" mi="0" ci="5" mb="0" cb="0"/><line nr="734" mi="0" ci="12" mb="0" cb="0"/><line nr="735" mi="0" ci="9" mb="0" cb="0"/><line nr="736" mi="0" ci="12" mb="0" cb="0"/><line nr="737" mi="0" ci="8" mb="0" cb="0"/><line nr="738" mi="0" ci="9" mb="0" cb="0"/><line nr="739" mi="0" ci="12" mb="0" cb="0"/><line nr="740" mi="0" ci="9" mb="0" cb="0"/><line nr="741" mi="0" ci="12" mb="0" cb="0"/><line nr="742" mi="0" ci="8" mb="0" cb="0"/><line nr="743" mi="0" ci="9" mb="0" cb="0"/><line nr="744" mi="0" ci="12" mb="0" cb="0"/><line nr="745" mi="0" ci="5" mb="0" cb="0"/><line nr="746" mi="0" ci="12" mb="0" cb="0"/><line nr="747" mi="0" ci="9" mb="0" cb="0"/><line nr="748" mi="0" ci="12" mb="0" cb="0"/><line nr="749" mi="0" ci="8" mb="0" cb="0"/><line nr="750" mi="0" ci="9" mb="0" cb="0"/><line nr="751" mi="0" ci="12" mb="0" cb="0"/><line nr="752" mi="0" ci="9" mb="0" cb="0"/><line nr="753" mi="0" ci="12" mb="0" cb="0"/><line nr="754" mi="0" ci="8" mb="0" cb="0"/><line nr="755" mi="0" ci="9" mb="0" cb="0"/><line nr="756" mi="0" ci="12" mb="0" cb="0"/><line nr="757" mi="0" ci="5" mb="0" cb="0"/><line nr="758" mi="0" ci="2" mb="0" cb="0"/><line nr="770" mi="0" ci="3" mb="0" cb="2"/><line nr="771" mi="0" ci="5" mb="0" cb="0"/><line nr="772" mi="0" ci="3" mb="0" cb="0"/><line nr="775" mi="0" ci="15" mb="0" cb="0"/><line nr="776" mi="0" ci="11" mb="0" cb="0"/><line nr="777" mi="0" ci="13" mb="0" cb="0"/><line nr="778" mi="0" ci="21" mb="0" cb="0"/><line nr="779" mi="0" ci="15" mb="0" cb="0"/><line nr="780" mi="0" ci="21" mb="0" cb="0"/><line nr="781" mi="0" ci="21" mb="0" cb="0"/><line nr="782" mi="0" ci="15" mb="0" cb="0"/><line nr="783" mi="0" ci="21" mb="0" cb="0"/><line nr="784" mi="0" ci="11" mb="0" cb="0"/><line nr="787" mi="0" ci="13" mb="0" cb="0"/><line nr="788" mi="0" ci="21" mb="0" cb="0"/><line nr="789" mi="0" ci="15" mb="0" cb="0"/><line nr="790" mi="0" ci="21" mb="0" cb="0"/><line nr="791" mi="0" ci="21" mb="0" cb="0"/><line nr="792" mi="0" ci="15" mb="0" cb="0"/><line nr="793" mi="0" ci="21" mb="0" cb="0"/><line nr="794" mi="0" ci="11" mb="0" cb="0"/><line nr="795" mi="0" ci="13" mb="0" cb="0"/><line nr="796" mi="0" ci="21" mb="0" cb="0"/><line nr="797" mi="0" ci="15" mb="0" cb="0"/><line nr="798" mi="0" ci="21" mb="0" cb="0"/><line nr="799" mi="0" ci="21" mb="0" cb="0"/><line nr="800" mi="0" ci="15" mb="0" cb="0"/><line nr="801" mi="0" ci="21" mb="0" cb="0"/><line nr="802" mi="0" ci="11" mb="0" cb="0"/><line nr="804" mi="0" ci="5" mb="0" cb="0"/><line nr="816" mi="0" ci="6" mb="0" cb="0"/><line nr="828" mi="0" ci="3" mb="0" cb="2"/><line nr="829" mi="0" ci="5" mb="0" cb="0"/><line nr="830" mi="0" ci="5" mb="0" cb="0"/><counter type="INSTRUCTION" missed="7" covered="3156"/><counter type="BRANCH" missed="0" covered="68"/><counter type="LINE" missed="2" covered="222"/><counter type="COMPLEXITY" missed="1" covered="64"/><counter type="METHOD" missed="1" covered="30"/><counter type="CLASS" missed="0" covered="2"/></sourcefile><sourcefile name="MonotonicULID.java"><line nr="73" mi="0" ci="5" mb="0" cb="0"/><line nr="83" mi="0" ci="3" mb="0" cb="0"/><line nr="84" mi="0" ci="1" mb="0" cb="0"/><line nr="92" mi="0" ci="2" mb="0" cb="0"/><line nr="93" mi="0" ci="7" mb="0" cb="2"/><line nr="94" mi="0" ci="4" mb="0" cb="0"/><line nr="95" mi="0" ci="3" mb="0" cb="0"/><line nr="96" mi="0" ci="1" mb="0" cb="0"/><line nr="110" mi="0" ci="2" mb="0" cb="0"/><line nr="111" mi="0" ci="6" mb="0" cb="0"/><line nr="126" mi="0" ci="2" mb="0" cb="0"/><line nr="127" mi="0" ci="6" mb="0" cb="0"/><line nr="142" mi="0" ci="2" mb="0" cb="0"/><line nr="143" mi="0" ci="6" mb="0" cb="0"/><line nr="155" mi="0" ci="2" mb="0" cb="0"/><line nr="156" mi="0" ci="8" mb="0" cb="4"/><line nr="157" mi="0" ci="5" mb="0" cb="0"/><line nr="158" mi="0" ci="5" mb="0" cb="2"/><line nr="161" mi="0" ci="3" mb="0" cb="0"/><line nr="162" mi="0" ci="7" mb="0" cb="0"/><line nr="165" mi="0" ci="2" mb="0" cb="0"/><line nr="166" mi="0" ci="6" mb="0" cb="2"/><line nr="167" mi="0" ci="2" mb="0" cb="2"/><line nr="168" mi="0" ci="5" mb="0" cb="0"/><line nr="169" mi="0" ci="5" mb="0" cb="0"/><line nr="170" mi="0" ci="10" mb="0" cb="2"/><line nr="171" mi="0" ci="5" mb="0" cb="0"/><line nr="175" mi="0" ci="2" mb="0" cb="2"/><line nr="177" mi="0" ci="7" mb="0" cb="0"/><line nr="179" mi="0" ci="5" mb="0" cb="0"/><line nr="181" mi="0" ci="1" mb="0" cb="0"/><line nr="183" mi="0" ci="3" mb="0" cb="0"/><line nr="184" mi="0" ci="5" mb="0" cb="0"/><line nr="186" mi="0" ci="1" mb="0" cb="0"/><counter type="INSTRUCTION" missed="0" covered="139"/><counter type="BRANCH" missed="0" covered="16"/><counter type="LINE" missed="0" covered="34"/><counter type="COMPLEXITY" missed="0" covered="15"/><counter type="METHOD" missed="0" covered="7"/><counter type="CLASS" missed="0" covered="2"/></sourcefile><counter type="INSTRUCTION" missed="7" covered="3295"/><counter type="BRANCH" missed="0" covered="84"/><counter type="LINE" missed="2" covered="256"/><counter type="COMPLEXITY" missed="1" covered="79"/><counter type="METHOD" missed="1" covered="37"/><counter type="CLASS" missed="0" covered="4"/></package><counter type="INSTRUCTION" missed="7" covered="3295"/><counter type="BRANCH" missed="0" covered="84"/><counter type="LINE" missed="2" covered="256"/><counter type="COMPLEXITY" missed="1" covered="79"/><counter type="METHOD" missed="1" covered="37"/><counter type="CLASS" missed="0" covered="4"/></report>