<?xml version="1.0" encoding="UTF-8" standalone="yes"?><!DOCTYPE report PUBLIC "-//JACOCO//DTD Report 1.1//EN" "report.dtd"><report name="ulidj"><sessioninfo id="pkrvmf6wy0o8zjz-275dc6c3" start="1748114431607" dump="1748114432460"/><package name="io/azam/ulidj"><class name="io/azam/ulidj/ULID" sourcefilename="ULID.java"><method name="&lt;init&gt;" desc="([B)V" line="292"><counter type="INSTRUCTION" missed="0" covered="8"/><counter type="LINE" missed="0" covered="3"/><counter type="COMPLEXITY" missed="0" covered="1"/><counter type="METHOD" missed="0" covered="1"/></method><method name="getTimestamp" desc="()J" line="303"><counter type="INSTRUCTION" missed="0" covered="4"/><counter type="LINE" missed="0" covered="1"/><counter type="COMPLEXITY" missed="0" covered="1"/><counter type="METHOD" missed="0" covered="1"/></method><method name="getEntropy" desc="()[B" line="313"><counter type="INSTRUCTION" missed="0" covered="4"/><counter type="LINE" missed="0" covered="1"/><counter type="COMPLEXITY" missed="0" covered="1"/><counter type="METHOD" missed="0" covered="1"/></method><method name="toBinary" desc="()[B" line="323"><counter type="INSTRUCTION" missed="0" covered="5"/><counter type="LINE" missed="0" covered="1"/><counter type="COMPLEXITY" missed="0" covered="1"/><counter type="METHOD" missed="0" covered="1"/></method><method name="toString" desc="()Ljava/lang/String;" line="334"><counter type="INSTRUCTION" missed="0" covered="4"/><counter type="LINE" missed="0" covered="1"/><counter type="COMPLEXITY" missed="0" covered="1"/><counter type="METHOD" missed="0" covered="1"/></method><method name="compareTo" desc="(Lio/azam/ulidj/ULID;)I" line="360"><counter type="INSTRUCTION" missed="0" covered="4"/><counter type="LINE" missed="0" covered="1"/><counter type="COMPLEXITY" missed="0" covered="1"/><counter type="METHOD" missed="0" covered="1"/></method><method name="equals" desc="(Ljava/lang/Object;)Z" line="373"><counter type="INSTRUCTION" missed="0" covered="16"/><counter type="BRANCH" missed="0" covered="4"/><counter type="LINE" missed="0" covered="3"/><counter type="COMPLEXITY" missed="0" covered="3"/><counter type="METHOD" missed="0" covered="1"/></method><method name="hashCode" desc="()I" line="386"><counter type="INSTRUCTION" missed="0" covered="6"/><counter type="LINE" missed="0" covered="1"/><counter type="COMPLEXITY" missed="0" covered="1"/><counter type="METHOD" missed="0" covered="1"/></method><method name="compare" desc="(Lio/azam/ulidj/ULID;Lio/azam/ulidj/ULID;)I" line="410"><counter type="INSTRUCTION" missed="0" covered="60"/><counter type="BRANCH" missed="0" covered="12"/><counter type="LINE" missed="0" covered="12"/><counter type="COMPLEXITY" missed="0" covered="7"/><counter type="METHOD" missed="0" covered="1"/></method><method name="random" desc="()Ljava/lang/String;" line="435"><counter type="INSTRUCTION" missed="0" covered="10"/><counter type="LINE" missed="0" covered="3"/><counter type="COMPLEXITY" missed="0" covered="1"/><counter type="METHOD" missed="0" covered="1"/></method><method name="randomBinary" desc="()[B" line="449"><counter type="INSTRUCTION" missed="0" covered="10"/><counter type="LINE" missed="0" covered="3"/><counter type="COMPLEXITY" missed="0" covered="1"/><counter type="METHOD" missed="0" covered="1"/></method><method name="randomULID" desc="()Lio/azam/ulidj/ULID;" line="463"><counter type="INSTRUCTION" missed="0" covered="5"/><counter type="LINE" missed="0" covered="1"/><counter type="COMPLEXITY" missed="0" covered="1"/><counter type="METHOD" missed="0" covered="1"/></method><method name="random" desc="(Ljava/util/Random;)Ljava/lang/String;" line="475"><counter type="INSTRUCTION" missed="0" covered="10"/><counter type="LINE" missed="0" covered="3"/><counter type="COMPLEXITY" missed="0" covered="1"/><counter type="METHOD" missed="0" covered="1"/></method><method name="randomBinary" desc="(Ljava/util/Random;)[B" line="489"><counter type="INSTRUCTION" missed="0" covered="10"/><counter type="LINE" missed="0" covered="3"/><counter type="COMPLEXITY" missed="0" covered="1"/><counter type="METHOD" missed="0" covered="1"/></method><method name="randomULID" desc="(Ljava/util/Random;)Lio/azam/ulidj/ULID;" line="503"><counter type="INSTRUCTION" missed="0" covered="6"/><counter type="LINE" missed="0" covered="1"/><counter type="COMPLEXITY" missed="0" covered="1"/><counter type="METHOD" missed="0" covered="1"/></method><method name="generate" desc="(J[B)Ljava/lang/String;" line="519"><counter type="INSTRUCTION" missed="0" covered="421"/><counter type="BRANCH" missed="0" covered="8"/><counter type="LINE" missed="0" covered="30"/><counter type="COMPLEXITY" missed="0" covered="5"/><counter type="METHOD" missed="0" covered="1"/></method><method name="generateBinary" desc="(J[B)[B" line="571"><counter type="INSTRUCTION" missed="0" covered="50"/><counter type="BRANCH" missed="0" covered="10"/><counter type="LINE" missed="0" covered="9"/><counter type="COMPLEXITY" missed="0" covered="6"/><counter type="METHOD" missed="0" covered="1"/></method><method name="generateULID" desc="(J[B)Lio/azam/ulidj/ULID;" line="603"><counter type="INSTRUCTION" missed="0" covered="7"/><counter type="LINE" missed="0" covered="1"/><counter type="COMPLEXITY" missed="0" covered="1"/><counter type="METHOD" missed="0" covered="1"/></method><method name="isValid" desc="(Ljava/lang/CharSequence;)Z" line="615"><counter type="INSTRUCTION" missed="0" covered="52"/><counter type="BRANCH" missed="0" covered="16"/><counter type="LINE" missed="0" covered="10"/><counter type="COMPLEXITY" missed="0" covered="9"/><counter type="METHOD" missed="0" covered="1"/></method><method name="isValidBinary" desc="([B)Z" line="640"><counter type="INSTRUCTION" missed="0" covered="10"/><counter type="BRANCH" missed="0" covered="4"/><counter type="LINE" missed="0" covered="1"/><counter type="COMPLEXITY" missed="0" covered="3"/><counter type="METHOD" missed="0" covered="1"/></method><method name="getTimestamp" desc="(Ljava/lang/CharSequence;)J" line="652"><counter type="INSTRUCTION" missed="0" covered="96"/><counter type="BRANCH" missed="0" covered="2"/><counter type="LINE" missed="0" covered="12"/><counter type="COMPLEXITY" missed="0" covered="2"/><counter type="METHOD" missed="0" covered="1"/></method><method name="getTimestampBinary" desc="([B)J" line="675"><counter type="INSTRUCTION" missed="0" covered="72"/><counter type="BRANCH" missed="0" covered="2"/><counter type="LINE" missed="0" covered="9"/><counter type="COMPLEXITY" missed="0" covered="2"/><counter type="METHOD" missed="0" covered="1"/></method><method name="getEntropy" desc="(Ljava/lang/CharSequence;)[B" line="695"><counter type="INSTRUCTION" missed="0" covered="247"/><counter type="BRANCH" missed="0" covered="2"/><counter type="LINE" missed="0" covered="28"/><counter type="COMPLEXITY" missed="0" covered="2"/><counter type="METHOD" missed="0" covered="1"/></method><method name="getEntropyBinary" desc="([B)[B" line="734"><counter type="INSTRUCTION" missed="0" covered="19"/><counter type="BRANCH" missed="0" covered="2"/><counter type="LINE" missed="0" covered="5"/><counter type="COMPLEXITY" missed="0" covered="2"/><counter type="METHOD" missed="0" covered="1"/></method><method name="toBinary" desc="(Ljava/lang/CharSequence;)[B" line="750"><counter type="INSTRUCTION" missed="0" covered="381"/><counter type="BRANCH" missed="0" covered="2"/><counter type="LINE" missed="0" covered="42"/><counter type="COMPLEXITY" missed="0" covered="2"/><counter type="METHOD" missed="0" covered="1"/></method><method name="fromBinary" desc="([B)Ljava/lang/String;" line="805"><counter type="INSTRUCTION" missed="0" covered="456"/><counter type="BRANCH" missed="0" covered="2"/><counter type="LINE" missed="0" covered="30"/><counter type="COMPLEXITY" missed="0" covered="2"/><counter type="METHOD" missed="0" covered="1"/></method><method name="parseULID" desc="(Ljava/lang/CharSequence;)Lio/azam/ulidj/ULID;" line="851"><counter type="INSTRUCTION" missed="0" covered="6"/><counter type="LINE" missed="0" covered="1"/><counter type="COMPLEXITY" missed="0" covered="1"/><counter type="METHOD" missed="0" covered="1"/></method><method name="parseULID" desc="([B)Lio/azam/ulidj/ULID;" line="863"><counter type="INSTRUCTION" missed="0" covered="13"/><counter type="BRANCH" missed="0" covered="2"/><counter type="LINE" missed="0" covered="3"/><counter type="COMPLEXITY" missed="0" covered="2"/><counter type="METHOD" missed="0" covered="1"/></method><method name="&lt;clinit&gt;" desc="()V" line="191"><counter type="INSTRUCTION" missed="0" covered="1159"/><counter type="LINE" missed="0" covered="2"/><counter type="COMPLEXITY" missed="0" covered="1"/><counter type="METHOD" missed="0" covered="1"/></method><counter type="INSTRUCTION" missed="0" covered="3151"/><counter type="BRANCH" missed="0" covered="68"/><counter type="LINE" missed="0" covered="221"/><counter type="COMPLEXITY" missed="0" covered="63"/><counter type="METHOD" missed="0" covered="29"/><counter type="CLASS" missed="0" covered="1"/></class><class name="io/azam/ulidj/ULID$LazyDefaults" sourcefilename="ULID.java"><method name="&lt;clinit&gt;" desc="()V" line="280"><counter type="INSTRUCTION" missed="0" covered="5"/><counter type="LINE" missed="0" covered="1"/><counter type="COMPLEXITY" missed="0" covered="1"/><counter type="METHOD" missed="0" covered="1"/></method><counter type="INSTRUCTION" missed="0" covered="5"/><counter type="LINE" missed="0" covered="1"/><counter type="COMPLEXITY" missed="0" covered="1"/><counter type="METHOD" missed="0" covered="1"/><counter type="CLASS" missed="0" covered="1"/></class><class name="io/azam/ulidj/MonotonicULID" sourcefilename="MonotonicULID.java"><method name="&lt;init&gt;" desc="()V" line="112"><counter type="INSTRUCTION" missed="0" covered="4"/><counter type="LINE" missed="0" covered="2"/><counter type="COMPLEXITY" missed="0" covered="1"/><counter type="METHOD" missed="0" covered="1"/></method><method name="&lt;init&gt;" desc="(Ljava/util/Random;)V" line="121"><counter type="INSTRUCTION" missed="0" covered="17"/><counter type="BRANCH" missed="0" covered="2"/><counter type="LINE" missed="0" covered="5"/><counter type="COMPLEXITY" missed="0" covered="2"/><counter type="METHOD" missed="0" covered="1"/></method><method name="generate" desc="()Ljava/lang/String;" line="139"><counter type="INSTRUCTION" missed="0" covered="8"/><counter type="LINE" missed="0" covered="2"/><counter type="COMPLEXITY" missed="0" covered="1"/><counter type="METHOD" missed="0" covered="1"/></method><method name="generateBinary" desc="()[B" line="155"><counter type="INSTRUCTION" missed="0" covered="8"/><counter type="LINE" missed="0" covered="2"/><counter type="COMPLEXITY" missed="0" covered="1"/><counter type="METHOD" missed="0" covered="1"/></method><method name="generateULID" desc="()Lio/azam/ulidj/ULID;" line="171"><counter type="INSTRUCTION" missed="0" covered="8"/><counter type="LINE" missed="0" covered="2"/><counter type="COMPLEXITY" missed="0" covered="1"/><counter type="METHOD" missed="0" covered="1"/></method><method name="mutate" desc="()V" line="184"><counter type="INSTRUCTION" missed="5" covered="84"/><counter type="BRANCH" missed="2" covered="12"/><counter type="LINE" missed="1" covered="19"/><counter type="COMPLEXITY" missed="2" covered="6"/><counter type="METHOD" missed="0" covered="1"/></method><method name="random" desc="()Ljava/lang/String;" line="231"><counter type="INSTRUCTION" missed="0" covered="3"/><counter type="LINE" missed="0" covered="1"/><counter type="COMPLEXITY" missed="0" covered="1"/><counter type="METHOD" missed="0" covered="1"/></method><method name="randomBinary" desc="()[B" line="248"><counter type="INSTRUCTION" missed="0" covered="3"/><counter type="LINE" missed="0" covered="1"/><counter type="COMPLEXITY" missed="0" covered="1"/><counter type="METHOD" missed="0" covered="1"/></method><method name="randomULID" desc="()Lio/azam/ulidj/ULID;" line="265"><counter type="INSTRUCTION" missed="0" covered="3"/><counter type="LINE" missed="0" covered="1"/><counter type="COMPLEXITY" missed="0" covered="1"/><counter type="METHOD" missed="0" covered="1"/></method><counter type="INSTRUCTION" missed="5" covered="138"/><counter type="BRANCH" missed="2" covered="14"/><counter type="LINE" missed="1" covered="35"/><counter type="COMPLEXITY" missed="2" covered="15"/><counter type="METHOD" missed="0" covered="9"/><counter type="CLASS" missed="0" covered="1"/></class><class name="io/azam/ulidj/MonotonicULID$LazyDefaults" sourcefilename="MonotonicULID.java"><method name="&lt;clinit&gt;" desc="()V" line="95"><counter type="INSTRUCTION" missed="0" covered="10"/><counter type="LINE" missed="0" covered="2"/><counter type="COMPLEXITY" missed="0" covered="1"/><counter type="METHOD" missed="0" covered="1"/></method><counter type="INSTRUCTION" missed="0" covered="10"/><counter type="LINE" missed="0" covered="2"/><counter type="COMPLEXITY" missed="0" covered="1"/><counter type="METHOD" missed="0" covered="1"/><counter type="CLASS" missed="0" covered="1"/></class><sourcefile name="ULID.java"><line nr="191" mi="0" ci="131" mb="0" cb="0"/><line nr="201" mi="0" ci="1028" mb="0" cb="0"/><line nr="280" mi="0" ci="5" mb="0" cb="0"/><line nr="292" mi="0" ci="2" mb="0" cb="0"/><line nr="293" mi="0" ci="5" mb="0" cb="0"/><line nr="294" mi="0" ci="1" mb="0" cb="0"/><line nr="303" mi="0" ci="4" mb="0" cb="0"/><line nr="313" mi="0" ci="4" mb="0" cb="0"/><line nr="323" mi="0" ci="5" mb="0" cb="0"/><line nr="334" mi="0" ci="4" mb="0" cb="0"/><line nr="360" mi="0" ci="4" mb="0" cb="0"/><line nr="373" mi="0" ci="7" mb="0" cb="4"/><line nr="374" mi="0" ci="2" mb="0" cb="0"/><line nr="375" mi="0" ci="7" mb="0" cb="0"/><line nr="386" mi="0" ci="6" mb="0" cb="0"/><line nr="410" mi="0" ci="3" mb="0" cb="2"/><line nr="411" mi="0" ci="2" mb="0" cb="0"/><line nr="412" mi="0" ci="4" mb="0" cb="4"/><line nr="413" mi="0" ci="6" mb="0" cb="2"/><line nr="415" mi="0" ci="8" mb="0" cb="0"/><line nr="416" mi="0" ci="7" mb="0" cb="2"/><line nr="417" mi="0" ci="7" mb="0" cb="0"/><line nr="418" mi="0" ci="7" mb="0" cb="0"/><line nr="419" mi="0" ci="4" mb="0" cb="0"/><line nr="420" mi="0" ci="2" mb="0" cb="2"/><line nr="421" mi="0" ci="2" mb="0" cb="0"/><line nr="423" mi="0" ci="8" mb="0" cb="0"/><line nr="435" mi="0" ci="3" mb="0" cb="0"/><line nr="436" mi="0" ci="3" mb="0" cb="0"/><line nr="437" mi="0" ci="4" mb="0" cb="0"/><line nr="449" mi="0" ci="3" mb="0" cb="0"/><line nr="450" mi="0" ci="3" mb="0" cb="0"/><line nr="451" mi="0" ci="4" mb="0" cb="0"/><line nr="463" mi="0" ci="5" mb="0" cb="0"/><line nr="475" mi="0" ci="3" mb="0" cb="0"/><line nr="476" mi="0" ci="3" mb="0" cb="0"/><line nr="477" mi="0" ci="4" mb="0" cb="0"/><line nr="489" mi="0" ci="3" mb="0" cb="0"/><line nr="490" mi="0" ci="3" mb="0" cb="0"/><line nr="491" mi="0" ci="4" mb="0" cb="0"/><line nr="503" mi="0" ci="6" mb="0" cb="0"/><line nr="519" mi="0" ci="14" mb="0" cb="8"/><line nr="520" mi="0" ci="5" mb="0" cb="0"/><line nr="523" mi="0" ci="3" mb="0" cb="0"/><line nr="526" mi="0" ci="12" mb="0" cb="0"/><line nr="527" mi="0" ci="12" mb="0" cb="0"/><line nr="528" mi="0" ci="12" mb="0" cb="0"/><line nr="529" mi="0" ci="12" mb="0" cb="0"/><line nr="530" mi="0" ci="12" mb="0" cb="0"/><line nr="531" mi="0" ci="12" mb="0" cb="0"/><line nr="532" mi="0" ci="12" mb="0" cb="0"/><line nr="533" mi="0" ci="12" mb="0" cb="0"/><line nr="534" mi="0" ci="12" mb="0" cb="0"/><line nr="535" mi="0" ci="10" mb="0" cb="0"/><line nr="538" mi="0" ci="13" mb="0" cb="0"/><line nr="539" mi="0" ci="21" mb="0" cb="0"/><line nr="540" mi="0" ci="15" mb="0" cb="0"/><line nr="541" mi="0" ci="21" mb="0" cb="0"/><line nr="542" mi="0" ci="21" mb="0" cb="0"/><line nr="543" mi="0" ci="15" mb="0" cb="0"/><line nr="544" mi="0" ci="21" mb="0" cb="0"/><line nr="545" mi="0" ci="11" mb="0" cb="0"/><line nr="546" mi="0" ci="13" mb="0" cb="0"/><line nr="547" mi="0" ci="21" mb="0" cb="0"/><line nr="548" mi="0" ci="15" mb="0" cb="0"/><line nr="549" mi="0" ci="21" mb="0" cb="0"/><line nr="550" mi="0" ci="21" mb="0" cb="0"/><line nr="551" mi="0" ci="15" mb="0" cb="0"/><line nr="552" mi="0" ci="21" mb="0" cb="0"/><line nr="553" mi="0" ci="11" mb="0" cb="0"/><line nr="555" mi="0" ci="5" mb="0" cb="0"/><line nr="571" mi="0" ci="14" mb="0" cb="8"/><line nr="572" mi="0" ci="5" mb="0" cb="0"/><line nr="575" mi="0" ci="3" mb="0" cb="0"/><line nr="578" mi="0" ci="2" mb="0" cb="0"/><line nr="579" mi="0" ci="6" mb="0" cb="2"/><line nr="580" mi="0" ci="8" mb="0" cb="0"/><line nr="581" mi="0" ci="4" mb="0" cb="0"/><line nr="585" mi="0" ci="6" mb="0" cb="0"/><line nr="587" mi="0" ci="2" mb="0" cb="0"/><line nr="603" mi="0" ci="7" mb="0" cb="0"/><line nr="615" mi="0" ci="6" mb="0" cb="4"/><line nr="616" mi="0" ci="2" mb="0" cb="0"/><line nr="619" mi="0" ci="4" mb="0" cb="0"/><line nr="620" mi="0" ci="14" mb="0" cb="6"/><line nr="621" mi="0" ci="2" mb="0" cb="0"/><line nr="622" mi="0" ci="7" mb="0" cb="2"/><line nr="624" mi="0" ci="4" mb="0" cb="0"/><line nr="625" mi="0" ci="9" mb="0" cb="4"/><line nr="626" mi="0" ci="2" mb="0" cb="0"/><line nr="629" mi="0" ci="2" mb="0" cb="0"/><line nr="640" mi="0" ci="10" mb="0" cb="4"/><line nr="652" mi="0" ci="3" mb="0" cb="2"/><line nr="653" mi="0" ci="5" mb="0" cb="0"/><line nr="654" mi="0" ci="12" mb="0" cb="0"/><line nr="655" mi="0" ci="9" mb="0" cb="0"/><line nr="656" mi="0" ci="9" mb="0" cb="0"/><line nr="657" mi="0" ci="9" mb="0" cb="0"/><line nr="658" mi="0" ci="9" mb="0" cb="0"/><line nr="659" mi="0" ci="9" mb="0" cb="0"/><line nr="660" mi="0" ci="9" mb="0" cb="0"/><line nr="661" mi="0" ci="9" mb="0" cb="0"/><line nr="662" mi="0" ci="9" mb="0" cb="0"/><line nr="663" mi="0" ci="4" mb="0" cb="0"/><line nr="675" mi="0" ci="3" mb="0" cb="2"/><line nr="676" mi="0" ci="5" mb="0" cb="0"/><line nr="677" mi="0" ci="7" mb="0" cb="0"/><line nr="678" mi="0" ci="11" mb="0" cb="0"/><line nr="679" mi="0" ci="11" mb="0" cb="0"/><line nr="680" mi="0" ci="11" mb="0" cb="0"/><line nr="681" mi="0" ci="11" mb="0" cb="0"/><line nr="682" mi="0" ci="11" mb="0" cb="0"/><line nr="683" mi="0" ci="2" mb="0" cb="0"/><line nr="695" mi="0" ci="3" mb="0" cb="2"/><line nr="696" mi="0" ci="5" mb="0" cb="0"/><line nr="697" mi="0" ci="3" mb="0" cb="0"/><line nr="698" mi="0" ci="12" mb="0" cb="0"/><line nr="699" mi="0" ci="9" mb="0" cb="0"/><line nr="700" mi="0" ci="12" mb="0" cb="0"/><line nr="701" mi="0" ci="8" mb="0" cb="0"/><line nr="702" mi="0" ci="9" mb="0" cb="0"/><line nr="703" mi="0" ci="12" mb="0" cb="0"/><line nr="704" mi="0" ci="9" mb="0" cb="0"/><line nr="705" mi="0" ci="12" mb="0" cb="0"/><line nr="706" mi="0" ci="8" mb="0" cb="0"/><line nr="707" mi="0" ci="9" mb="0" cb="0"/><line nr="708" mi="0" ci="12" mb="0" cb="0"/><line nr="709" mi="0" ci="5" mb="0" cb="0"/><line nr="710" mi="0" ci="12" mb="0" cb="0"/><line nr="711" mi="0" ci="9" mb="0" cb="0"/><line nr="712" mi="0" ci="12" mb="0" cb="0"/><line nr="713" mi="0" ci="8" mb="0" cb="0"/><line nr="714" mi="0" ci="9" mb="0" cb="0"/><line nr="715" mi="0" ci="12" mb="0" cb="0"/><line nr="716" mi="0" ci="9" mb="0" cb="0"/><line nr="717" mi="0" ci="12" mb="0" cb="0"/><line nr="718" mi="0" ci="8" mb="0" cb="0"/><line nr="719" mi="0" ci="9" mb="0" cb="0"/><line nr="720" mi="0" ci="12" mb="0" cb="0"/><line nr="721" mi="0" ci="5" mb="0" cb="0"/><line nr="722" mi="0" ci="2" mb="0" cb="0"/><line nr="734" mi="0" ci="3" mb="0" cb="2"/><line nr="735" mi="0" ci="5" mb="0" cb="0"/><line nr="736" mi="0" ci="3" mb="0" cb="0"/><line nr="737" mi="0" ci="6" mb="0" cb="0"/><line nr="738" mi="0" ci="2" mb="0" cb="0"/><line nr="750" mi="0" ci="3" mb="0" cb="2"/><line nr="751" mi="0" ci="5" mb="0" cb="0"/><line nr="752" mi="0" ci="3" mb="0" cb="0"/><line nr="754" mi="0" ci="12" mb="0" cb="0"/><line nr="755" mi="0" ci="5" mb="0" cb="0"/><line nr="756" mi="0" ci="12" mb="0" cb="0"/><line nr="757" mi="0" ci="9" mb="0" cb="0"/><line nr="758" mi="0" ci="12" mb="0" cb="0"/><line nr="759" mi="0" ci="8" mb="0" cb="0"/><line nr="760" mi="0" ci="9" mb="0" cb="0"/><line nr="761" mi="0" ci="12" mb="0" cb="0"/><line nr="762" mi="0" ci="9" mb="0" cb="0"/><line nr="763" mi="0" ci="12" mb="0" cb="0"/><line nr="764" mi="0" ci="8" mb="0" cb="0"/><line nr="765" mi="0" ci="9" mb="0" cb="0"/><line nr="766" mi="0" ci="12" mb="0" cb="0"/><line nr="767" mi="0" ci="5" mb="0" cb="0"/><line nr="769" mi="0" ci="12" mb="0" cb="0"/><line nr="770" mi="0" ci="9" mb="0" cb="0"/><line nr="771" mi="0" ci="12" mb="0" cb="0"/><line nr="772" mi="0" ci="8" mb="0" cb="0"/><line nr="773" mi="0" ci="9" mb="0" cb="0"/><line nr="774" mi="0" ci="12" mb="0" cb="0"/><line nr="775" mi="0" ci="9" mb="0" cb="0"/><line nr="776" mi="0" ci="12" mb="0" cb="0"/><line nr="777" mi="0" ci="8" mb="0" cb="0"/><line nr="778" mi="0" ci="9" mb="0" cb="0"/><line nr="779" mi="0" ci="12" mb="0" cb="0"/><line nr="780" mi="0" ci="5" mb="0" cb="0"/><line nr="781" mi="0" ci="12" mb="0" cb="0"/><line nr="782" mi="0" ci="9" mb="0" cb="0"/><line nr="783" mi="0" ci="12" mb="0" cb="0"/><line nr="784" mi="0" ci="8" mb="0" cb="0"/><line nr="785" mi="0" ci="9" mb="0" cb="0"/><line nr="786" mi="0" ci="12" mb="0" cb="0"/><line nr="787" mi="0" ci="9" mb="0" cb="0"/><line nr="788" mi="0" ci="12" mb="0" cb="0"/><line nr="789" mi="0" ci="8" mb="0" cb="0"/><line nr="790" mi="0" ci="9" mb="0" cb="0"/><line nr="791" mi="0" ci="12" mb="0" cb="0"/><line nr="792" mi="0" ci="5" mb="0" cb="0"/><line nr="793" mi="0" ci="2" mb="0" cb="0"/><line nr="805" mi="0" ci="3" mb="0" cb="2"/><line nr="806" mi="0" ci="5" mb="0" cb="0"/><line nr="807" mi="0" ci="3" mb="0" cb="0"/><line nr="810" mi="0" ci="15" mb="0" cb="0"/><line nr="811" mi="0" ci="11" mb="0" cb="0"/><line nr="812" mi="0" ci="13" mb="0" cb="0"/><line nr="813" mi="0" ci="21" mb="0" cb="0"/><line nr="814" mi="0" ci="15" mb="0" cb="0"/><line nr="815" mi="0" ci="21" mb="0" cb="0"/><line nr="816" mi="0" ci="21" mb="0" cb="0"/><line nr="817" mi="0" ci="15" mb="0" cb="0"/><line nr="818" mi="0" ci="21" mb="0" cb="0"/><line nr="819" mi="0" ci="11" mb="0" cb="0"/><line nr="822" mi="0" ci="13" mb="0" cb="0"/><line nr="823" mi="0" ci="21" mb="0" cb="0"/><line nr="824" mi="0" ci="15" mb="0" cb="0"/><line nr="825" mi="0" ci="21" mb="0" cb="0"/><line nr="826" mi="0" ci="21" mb="0" cb="0"/><line nr="827" mi="0" ci="15" mb="0" cb="0"/><line nr="828" mi="0" ci="21" mb="0" cb="0"/><line nr="829" mi="0" ci="11" mb="0" cb="0"/><line nr="830" mi="0" ci="13" mb="0" cb="0"/><line nr="831" mi="0" ci="21" mb="0" cb="0"/><line nr="832" mi="0" ci="15" mb="0" cb="0"/><line nr="833" mi="0" ci="21" mb="0" cb="0"/><line nr="834" mi="0" ci="21" mb="0" cb="0"/><line nr="835" mi="0" ci="15" mb="0" cb="0"/><line nr="836" mi="0" ci="21" mb="0" cb="0"/><line nr="837" mi="0" ci="11" mb="0" cb="0"/><line nr="839" mi="0" ci="5" mb="0" cb="0"/><line nr="851" mi="0" ci="6" mb="0" cb="0"/><line nr="863" mi="0" ci="3" mb="0" cb="2"/><line nr="864" mi="0" ci="5" mb="0" cb="0"/><line nr="865" mi="0" ci="5" mb="0" cb="0"/><counter type="INSTRUCTION" missed="0" covered="3156"/><counter type="BRANCH" missed="0" covered="68"/><counter type="LINE" missed="0" covered="222"/><counter type="COMPLEXITY" missed="0" covered="64"/><counter type="METHOD" missed="0" covered="30"/><counter type="CLASS" missed="0" covered="2"/></sourcefile><sourcefile name="MonotonicULID.java"><line nr="95" mi="0" ci="4" mb="0" cb="0"/><line nr="102" mi="0" ci="6" mb="0" cb="0"/><line nr="112" mi="0" ci="3" mb="0" cb="0"/><line nr="113" mi="0" ci="1" mb="0" cb="0"/><line nr="121" mi="0" ci="2" mb="0" cb="0"/><line nr="122" mi="0" ci="7" mb="0" cb="2"/><line nr="123" mi="0" ci="4" mb="0" cb="0"/><line nr="124" mi="0" ci="3" mb="0" cb="0"/><line nr="125" mi="0" ci="1" mb="0" cb="0"/><line nr="139" mi="0" ci="2" mb="0" cb="0"/><line nr="140" mi="0" ci="6" mb="0" cb="0"/><line nr="155" mi="0" ci="2" mb="0" cb="0"/><line nr="156" mi="0" ci="6" mb="0" cb="0"/><line nr="171" mi="0" ci="2" mb="0" cb="0"/><line nr="172" mi="0" ci="6" mb="0" cb="0"/><line nr="184" mi="0" ci="2" mb="0" cb="0"/><line nr="185" mi="0" ci="8" mb="2" cb="2"/><line nr="186" mi="5" ci="0" mb="0" cb="0"/><line nr="187" mi="0" ci="5" mb="0" cb="2"/><line nr="190" mi="0" ci="3" mb="0" cb="0"/><line nr="191" mi="0" ci="7" mb="0" cb="0"/><line nr="194" mi="0" ci="2" mb="0" cb="0"/><line nr="195" mi="0" ci="6" mb="0" cb="2"/><line nr="196" mi="0" ci="2" mb="0" cb="2"/><line nr="197" mi="0" ci="5" mb="0" cb="0"/><line nr="198" mi="0" ci="5" mb="0" cb="0"/><line nr="199" mi="0" ci="10" mb="0" cb="2"/><line nr="200" mi="0" ci="5" mb="0" cb="0"/><line nr="204" mi="0" ci="2" mb="0" cb="2"/><line nr="206" mi="0" ci="7" mb="0" cb="0"/><line nr="208" mi="0" ci="5" mb="0" cb="0"/><line nr="210" mi="0" ci="1" mb="0" cb="0"/><line nr="212" mi="0" ci="3" mb="0" cb="0"/><line nr="213" mi="0" ci="5" mb="0" cb="0"/><line nr="215" mi="0" ci="1" mb="0" cb="0"/><line nr="231" mi="0" ci="3" mb="0" cb="0"/><line nr="248" mi="0" ci="3" mb="0" cb="0"/><line nr="265" mi="0" ci="3" mb="0" cb="0"/><counter type="INSTRUCTION" missed="5" covered="148"/><counter type="BRANCH" missed="2" covered="14"/><counter type="LINE" missed="1" covered="37"/><counter type="COMPLEXITY" missed="2" covered="16"/><counter type="METHOD" missed="0" covered="10"/><counter type="CLASS" missed="0" covered="2"/></sourcefile><counter type="INSTRUCTION" missed="5" covered="3304"/><counter type="BRANCH" missed="2" covered="82"/><counter type="LINE" missed="1" covered="259"/><counter type="COMPLEXITY" missed="2" covered="80"/><counter type="METHOD" missed="0" covered="40"/><counter type="CLASS" missed="0" covered="4"/></package><counter type="INSTRUCTION" missed="5" covered="3304"/><counter type="BRANCH" missed="2" covered="82"/><counter type="LINE" missed="1" covered="259"/><counter type="COMPLEXITY" missed="2" covered="80"/><counter type="METHOD" missed="0" covered="40"/><counter type="CLASS" missed="0" covered="4"/></report>